<?xml version="1.0" encoding="UTF-8"?>
<!-- Generated by org.testng.reporters.JUnitXMLReporter -->
<testsuite ignored="0" hostname="Nirmala" failures="1" tests="1" name="Test6" time="22.602" errors="0" timestamp="2022-08-15T19:45:52 IST">
  <testcase classname="com.tyss.ContactTestScripts.CreateContactPageTest" name="CreateContactPageTest" time="12.07">
    <failure type="java.lang.AssertionError" message="null">
      <![CDATA[java.lang.AssertionError: null
at com.tyss.ContactTestScripts.CreateContactPageTest.CreateContactPageTest(CreateContactPageTest.java:36)
at java.base/java.util.ArrayList.forEach(ArrayList.java:1511)
at java.base/java.util.concurrent.FutureTask.run(FutureTask.java:264)
at java.base/java.util.concurrent.ThreadPoolExecutor.runWorker(ThreadPoolExecutor.java:1136)
at java.base/java.util.concurrent.ThreadPoolExecutor$Worker.run(ThreadPoolExecutor.java:635)
at java.base/java.lang.Thread.run(Thread.java:833)
... Removed 18 stack frames]]>
    </failure>
  </testcase> <!-- CreateContactPageTest -->
</testsuite> <!-- Test6 -->
